<?xml version="1.0" encoding="UTF-8"?>
<testsuite xmlns:xsi="http://www.w3.org/2001/XMLSchema-instance" xsi:noNamespaceSchemaLocation="https://maven.apache.org/surefire/maven-surefire-plugin/xsd/surefire-test-report.xsd" name="com.ashugupta.pjp.phraseConverter.PhraseConverterTest" time="0.143" tests="22" errors="0" skipped="0" failures="0">
  <properties>
[...]
</properties>
  <testcase name="shoudlConvertPhraseCorrectly[today]" classname="com.ashugupta.pjp.phraseConverter.PhraseConverterTest" time="0.035"/>
  <testcase name="shoudlConvertPhraseCorrectly[tomorrow]" classname="com.ashugupta.pjp.phraseConverter.PhraseConverterTest" time="0.008"/>
  <testcase name="shoudlConvertPhraseCorrectly[day after tomorrow]" classname="com.ashugupta.pjp.phraseConverter.PhraseConverterTest" time="0"/>
  <testcase name="shoudlConvertPhraseCorrectly[yesterday]" classname="com.ashugupta.pjp.phraseConverter.PhraseConverterTest" time="0.002"/>
  <testcase name="shoudlConvertPhraseCorrectly[day before yesterday]" classname="com.ashugupta.pjp.phraseConverter.PhraseConverterTest" time="0"/>
  <testcase name="shoudlConvertPhraseCorrectly[last week]" classname="com.ashugupta.pjp.phraseConverter.PhraseConverterTest" time="0.001"/>
  <testcase name="shoudlConvertPhraseCorrectly[previous week]" classname="com.ashugupta.pjp.phraseConverter.PhraseConverterTest" time="0.001"/>
  <testcase name="shoudlConvertPhraseCorrectly[next week]" classname="com.ashugupta.pjp.phraseConverter.PhraseConverterTest" time="0.001"/>
  <testcase name="shoudlConvertPhraseCorrectly[next month]" classname="com.ashugupta.pjp.phraseConverter.PhraseConverterTest" time="0"/>
  <testcase name="shoudlConvertPhraseCorrectly[next year]" classname="com.ashugupta.pjp.phraseConverter.PhraseConverterTest" time="0.001"/>
  <testcase name="shoudlConvertPhraseCorrectly[last month]" classname="com.ashugupta.pjp.phraseConverter.PhraseConverterTest" time="0.001"/>
  <testcase name="shoudlConvertPhraseCorrectly[last year]" classname="com.ashugupta.pjp.phraseConverter.PhraseConverterTest" time="0.001"/>
  <testcase name="shoudlConvertPhraseCorrectly[month after]" classname="com.ashugupta.pjp.phraseConverter.PhraseConverterTest" time="0.004"/>
  <testcase name="shoudlConvertPhraseCorrectly[month before]" classname="com.ashugupta.pjp.phraseConverter.PhraseConverterTest" time="0.001"/>
  <testcase name="shoudlConvertPhraseCorrectly[6 days from now]" classname="com.ashugupta.pjp.phraseConverter.PhraseConverterTest" time="0"/>
  <testcase name="shoudlConvertPhraseCorrectly[6 weeks from now]" classname="com.ashugupta.pjp.phraseConverter.PhraseConverterTest" time="0.017"/>
  <testcase name="shoudlConvertPhraseCorrectly[6 months from now]" classname="com.ashugupta.pjp.phraseConverter.PhraseConverterTest" time="0.001"/>
  <testcase name="shoudlConvertPhraseCorrectly[6 years from now]" classname="com.ashugupta.pjp.phraseConverter.PhraseConverterTest" time="0.002"/>
  <testcase name="shoudlConvertPhraseCorrectly[6 days earlier]" classname="com.ashugupta.pjp.phraseConverter.PhraseConverterTest" time="0.001"/>
  <testcase name="shoudlConvertPhraseCorrectly[6 weeks earlier]" classname="com.ashugupta.pjp.phraseConverter.PhraseConverterTest" time="0"/>
  <testcase name="shoudlConvertPhraseCorrectly[6 months earlier]" classname="com.ashugupta.pjp.phraseConverter.PhraseConverterTest" time="0.001"/>
  <testcase name="shoudlConvertPhraseCorrectly[6 years earlier]" classname="com.ashugupta.pjp.phraseConverter.PhraseConverterTest" time="0"/>
</testsuite>