<?xml version="1.0" encoding="UTF-8"?>
<testsuite xmlns:xsi="http://www.w3.org/2001/XMLSchema-instance" xsi:noNamespaceSchemaLocation="https://maven.apache.org/surefire/maven-surefire-plugin/xsd/surefire-test-report.xsd" name="com.ashugupta.pjp.calculator.DateTimeCalculatorImplTest" time="0.241" tests="6" errors="0" skipped="1" failures="0">
  <properties>
[...]
</properties>
  <testcase name="shouldGetTheDayOfTheWeek" classname="com.ashugupta.pjp.calculator.DateTimeCalculatorImplTest" time="0.112"/>
  <testcase name="shouldAddWeeksToDateInObjectFormat" classname="com.ashugupta.pjp.calculator.DateTimeCalculatorImplTest" time="0.024"/>
  <testcase name="shouldAddWeeksToDateInStringFormat" classname="com.ashugupta.pjp.calculator.DateTimeCalculatorImplTest" time="0">
    <skipped/>
  </testcase>
  <testcase name="shouldGetTheWeekNumber" classname="com.ashugupta.pjp.calculator.DateTimeCalculatorImplTest" time="0"/>
  <testcase name="shouldAddDaysToDateInObjectFormat" classname="com.ashugupta.pjp.calculator.DateTimeCalculatorImplTest" time="0"/>
  <testcase name="shouldAddDaysToDateInStringFormat" classname="com.ashugupta.pjp.calculator.DateTimeCalculatorImplTest" time="0.005"/>
</testsuite>